{"level":"error","message":"an error","service":"admin-service","timestamp":"2024-02-12 10:21:25.242 PM"}
{"level":"info","message":"Info message","service":"admin-service","timestamp":"2024-02-12 10:21:25.243 PM"}
{"level":"error","message":"Error message","service":"admin-service","timestamp":"2024-02-12 10:21:25.243 PM"}
{"level":"warn","message":"Warning message","service":"admin-service","timestamp":"2024-02-12 10:21:25.244 PM"}
{"level":"error","message":"an error","service":"admin-service","timestamp":"2024-02-12 10:26:50.769 PM"}
{"level":"info","message":"Info message","service":"admin-service","timestamp":"2024-02-12 10:26:50.770 PM"}
{"level":"error","message":"Error message","service":"admin-service","timestamp":"2024-02-12 10:26:50.771 PM"}
{"level":"warn","message":"Warning message","service":"admin-service","timestamp":"2024-02-12 10:26:50.771 PM"}
{"level":"warn","message":"404 Not Found: /index.css","service":"admin-service","timestamp":"2024-02-12 10:26:55.033 PM"}
{"level":"error","message":"HTTP 404: Not Found - GET /index.css","service":"admin-service","timestamp":"2024-02-12 10:26:55.035 PM"}
{"level":"warn","message":"404 Not Found: /index.css","service":"admin-service","timestamp":"2024-02-12 10:27:19.169 PM"}
{"level":"error","message":"HTTP 404: Not Found - GET /index.css","service":"admin-service","timestamp":"2024-02-12 10:27:19.171 PM"}
{"level":"warn","message":"404 Not Found: /index.css","service":"admin-service","timestamp":"2024-02-12 10:27:19.471 PM"}
{"level":"error","message":"HTTP 404: Not Found - GET /index.css","service":"admin-service","timestamp":"2024-02-12 10:27:19.473 PM"}
{"level":"warn","message":"404 Not Found: /index.html","service":"admin-service","timestamp":"2024-02-12 11:08:13.314 PM"}
{"level":"error","message":"HTTP 404: Not Found - GET /index.html","service":"admin-service","timestamp":"2024-02-12 11:08:13.317 PM"}
{"level":"warn","message":"404 Not Found: /about.html","service":"admin-service","timestamp":"2024-02-12 11:08:16.856 PM"}
{"level":"error","message":"HTTP 404: Not Found - GET /about.html","service":"admin-service","timestamp":"2024-02-12 11:08:16.857 PM"}
{"level":"warn","message":"404 Not Found: /products.html","service":"admin-service","timestamp":"2024-02-12 11:08:20.139 PM"}
{"level":"error","message":"HTTP 404: Not Found - GET /products.html","service":"admin-service","timestamp":"2024-02-12 11:08:20.140 PM"}
{"level":"warn","message":"404 Not Found: /products.html","service":"admin-service","timestamp":"2024-02-12 11:08:26.791 PM"}
{"level":"error","message":"HTTP 404: Not Found - GET /products.html","service":"admin-service","timestamp":"2024-02-12 11:08:26.792 PM"}
{"level":"warn","message":"404 Not Found: /contact.html","service":"admin-service","timestamp":"2024-02-12 11:09:40.240 PM"}
{"level":"error","message":"HTTP 404: Not Found - GET /contact.html","service":"admin-service","timestamp":"2024-02-12 11:09:40.241 PM"}
{"level":"warn","message":"404 Not Found: /subscribe.html","service":"admin-service","timestamp":"2024-02-12 11:10:41.187 PM"}
{"level":"error","message":"HTTP 404: Not Found - GET /subscribe.html","service":"admin-service","timestamp":"2024-02-12 11:10:41.193 PM"}
{"level":"warn","message":"404 Not Found: /about.html","service":"admin-service","timestamp":"2024-02-12 11:11:34.506 PM"}
{"level":"error","message":"HTTP 404: Not Found - GET /about.html","service":"admin-service","timestamp":"2024-02-12 11:11:34.507 PM"}
{"level":"warn","message":"404 Not Found: /products.html","service":"admin-service","timestamp":"2024-02-12 11:11:37.972 PM"}
{"level":"error","message":"HTTP 404: Not Found - GET /products.html","service":"admin-service","timestamp":"2024-02-12 11:11:37.972 PM"}
{"level":"warn","message":"404 Not Found: /index.html","service":"admin-service","timestamp":"2024-02-12 11:11:40.155 PM"}
{"level":"error","message":"HTTP 404: Not Found - GET /index.html","service":"admin-service","timestamp":"2024-02-12 11:11:40.156 PM"}
{"level":"warn","message":"404 Not Found: /about.html","service":"admin-service","timestamp":"2024-02-12 11:11:46.461 PM"}
{"level":"error","message":"HTTP 404: Not Found - GET /about.html","service":"admin-service","timestamp":"2024-02-12 11:11:46.461 PM"}
{"level":"warn","message":"404 Not Found: /about.html","service":"admin-service","timestamp":"2024-02-12 11:12:32.889 PM"}
{"level":"error","message":"HTTP 404: Not Found - GET /about.html","service":"admin-service","timestamp":"2024-02-12 11:12:32.890 PM"}
{"level":"warn","message":"404 Not Found: /about.html","service":"admin-service","timestamp":"2024-02-12 11:14:51.786 PM"}
{"level":"error","message":"HTTP 404: Not Found - GET /about.html","service":"admin-service","timestamp":"2024-02-12 11:14:51.787 PM"}
{"level":"warn","message":"404 Not Found: /scripts/index.js","service":"admin-service","timestamp":"2024-02-12 11:45:39.698 PM"}
{"level":"error","message":"HTTP 404: Not Found - GET /scripts/index.js","service":"admin-service","timestamp":"2024-02-12 11:45:39.700 PM"}
{"level":"warn","message":"404 Not Found: /scripts/index.js","service":"admin-service","timestamp":"2024-02-12 11:45:41.430 PM"}
{"level":"error","message":"HTTP 404: Not Found - GET /scripts/index.js","service":"admin-service","timestamp":"2024-02-12 11:45:41.431 PM"}
