Route Event on: ./views/index.html at Thu Feb 08 2024 17:29:41 GMT-0330 (Newfoundland Standard Time)
Route Event on: ./views/index.html at Thu Feb 08 2024 17:30:15 GMT-0330 (Newfoundland Standard Time)
Route Event on: ./views/index.html at Thu Feb 08 2024 17:30:42 GMT-0330 (Newfoundland Standard Time)
Route Event on: ./views/index.html at Thu Feb 08 2024 17:33:23 GMT-0330 (Newfoundland Standard Time)
Route Event on: ./views/index.html at Thu Feb 08 2024 17:33:57 GMT-0330 (Newfoundland Standard Time)
Route Event on: ./views/index.html at Thu Feb 08 2024 17:34:07 GMT-0330 (Newfoundland Standard Time)
Route Event on: ./views/index.html at Thu Feb 08 2024 17:34:42 GMT-0330 (Newfoundland Standard Time)
Route Event on: ./views/index.html at Thu Feb 08 2024 17:34:56 GMT-0330 (Newfoundland Standard Time)
Route Event on: ./views/index.html at Thu Feb 08 2024 17:36:03 GMT-0330 (Newfoundland Standard Time)
Route Event on: ./views/index.html at Thu Feb 08 2024 17:36:47 GMT-0330 (Newfoundland Standard Time)
Route Event on: ./views/index.html at Thu Feb 08 2024 17:36:53 GMT-0330 (Newfoundland Standard Time)
Route Event on: ./views/index.html at Thu Feb 08 2024 17:38:01 GMT-0330 (Newfoundland Standard Time)
Route Event on: ./views/index.html at Thu Feb 08 2024 17:38:46 GMT-0330 (Newfoundland Standard Time)
Route Event on: ./views/index.html at Thu Feb 08 2024 17:39:10 GMT-0330 (Newfoundland Standard Time)
Route Event on: ./views/index.html at Thu Feb 08 2024 17:41:16 GMT-0330 (Newfoundland Standard Time)
Route Event on: ./views/contact.html at Thu Feb 08 2024 17:45:04 GMT-0330 (Newfoundland Standard Time)
Route Event on: ./views/contact.html at Thu Feb 08 2024 17:46:41 GMT-0330 (Newfoundland Standard Time)
Route Event on: ./views/index.html at Thu Feb 08 2024 17:46:51 GMT-0330 (Newfoundland Standard Time)
Route Event on: ./views/index.html at Thu Feb 08 2024 17:48:21 GMT-0330 (Newfoundland Standard Time)
Route Event on: ./views/about.html at Thu Feb 08 2024 17:48:26 GMT-0330 (Newfoundland Standard Time)
Route Event on: ./views/index.html at Mon Feb 12 2024 15:45:12 GMT-0330 (Newfoundland Standard Time)
Route Event on: ./views/about.html at Mon Feb 12 2024 15:45:19 GMT-0330 (Newfoundland Standard Time)
Route Event on: ./views/about.html at Mon Feb 12 2024 15:45:22 GMT-0330 (Newfoundland Standard Time)
Route Event on: ./views/index.html at Mon Feb 12 2024 22:21:31 GMT-0330 (Newfoundland Standard Time)
Route Event on: ./views/index.html at Mon Feb 12 2024 22:26:55 GMT-0330 (Newfoundland Standard Time)
Route Event on: ./views/index.html at Mon Feb 12 2024 22:27:19 GMT-0330 (Newfoundland Standard Time)
Route Event on: ./views/index.html at Mon Feb 12 2024 22:27:19 GMT-0330 (Newfoundland Standard Time)
Route Event on: ./views/index.html at Mon Feb 12 2024 23:05:12 GMT-0330 (Newfoundland Standard Time)
Route Event on: ./views/index.html at Mon Feb 12 2024 23:06:29 GMT-0330 (Newfoundland Standard Time)
Route Event on: ./views/index.html at Mon Feb 12 2024 23:09:31 GMT-0330 (Newfoundland Standard Time)
Route Event on: ./views/index.html at Mon Feb 12 2024 23:09:32 GMT-0330 (Newfoundland Standard Time)
Route Event on: ./views/index.html at Mon Feb 12 2024 23:10:13 GMT-0330 (Newfoundland Standard Time)
Route Event on: ./views/index.html at Mon Feb 12 2024 23:10:13 GMT-0330 (Newfoundland Standard Time)
Route Event on: ./views/index.html at Mon Feb 12 2024 23:11:31 GMT-0330 (Newfoundland Standard Time)
Route Event on: ./views/index.html at Mon Feb 12 2024 23:11:32 GMT-0330 (Newfoundland Standard Time)
Route Event on: ./views/index.html at Mon Feb 12 2024 23:12:29 GMT-0330 (Newfoundland Standard Time)
Route Event on: ./views/index.html at Mon Feb 12 2024 23:14:55 GMT-0330 (Newfoundland Standard Time)
Route Event on: ./views/about.html at Mon Feb 12 2024 23:14:58 GMT-0330 (Newfoundland Standard Time)
Route Event on: ./views/about.html at Mon Feb 12 2024 23:16:01 GMT-0330 (Newfoundland Standard Time)
Route Event on: ./views/about.html at Mon Feb 12 2024 23:16:09 GMT-0330 (Newfoundland Standard Time)
Route Event on: ./views/index.html at Mon Feb 12 2024 23:16:12 GMT-0330 (Newfoundland Standard Time)
Route Event on: ./views/about.html at Mon Feb 12 2024 23:16:15 GMT-0330 (Newfoundland Standard Time)
Route Event on: ./views/index.html at Mon Feb 12 2024 23:17:05 GMT-0330 (Newfoundland Standard Time)
Route Event on: ./views/about.html at Mon Feb 12 2024 23:17:08 GMT-0330 (Newfoundland Standard Time)
Route Event on: ./views/contact.html at Mon Feb 12 2024 23:17:09 GMT-0330 (Newfoundland Standard Time)
Route Event on: ./views/products.html at Mon Feb 12 2024 23:17:10 GMT-0330 (Newfoundland Standard Time)
Route Event on: ./views/subscribe.html at Mon Feb 12 2024 23:17:11 GMT-0330 (Newfoundland Standard Time)
Route Event on: ./views/index.html at Mon Feb 12 2024 23:17:12 GMT-0330 (Newfoundland Standard Time)
Route Event on: ./views/about.html at Mon Feb 12 2024 23:18:53 GMT-0330 (Newfoundland Standard Time)
Route Event on: ./views/index.html at Mon Feb 12 2024 23:18:54 GMT-0330 (Newfoundland Standard Time)
Route Event on: ./views/index.html at Mon Feb 12 2024 23:18:56 GMT-0330 (Newfoundland Standard Time)
Route Event on: ./views/index.html at Mon Feb 12 2024 23:18:57 GMT-0330 (Newfoundland Standard Time)
Route Event on: ./views/subscribe.html at Mon Feb 12 2024 23:19:09 GMT-0330 (Newfoundland Standard Time)
Route Event on: ./views/index.html at Mon Feb 12 2024 23:20:08 GMT-0330 (Newfoundland Standard Time)
Route Event on: ./views/index.html at Mon Feb 12 2024 23:23:01 GMT-0330 (Newfoundland Standard Time)
Route Event on: ./views/index.html at Mon Feb 12 2024 23:24:42 GMT-0330 (Newfoundland Standard Time)
Route Event on: ./views/index.html at Mon Feb 12 2024 23:25:25 GMT-0330 (Newfoundland Standard Time)
Route Event on: ./views/index.html at Mon Feb 12 2024 23:25:52 GMT-0330 (Newfoundland Standard Time)
Route Event on: ./views/about.html at Mon Feb 12 2024 23:25:55 GMT-0330 (Newfoundland Standard Time)
Route Event on: ./views/index.html at Mon Feb 12 2024 23:25:56 GMT-0330 (Newfoundland Standard Time)
Route Event on: ./views/index.html at Mon Feb 12 2024 23:26:44 GMT-0330 (Newfoundland Standard Time)
Route Event on: ./views/index.html at Mon Feb 12 2024 23:28:28 GMT-0330 (Newfoundland Standard Time)
Route Event on: ./views/index.html at Mon Feb 12 2024 23:28:39 GMT-0330 (Newfoundland Standard Time)
Route Event on: ./views/index.html at Mon Feb 12 2024 23:29:07 GMT-0330 (Newfoundland Standard Time)
Route Event on: ./views/index.html at Mon Feb 12 2024 23:29:35 GMT-0330 (Newfoundland Standard Time)
Route Event on: ./views/index.html at Mon Feb 12 2024 23:30:01 GMT-0330 (Newfoundland Standard Time)
Route Event on: ./views/about.html at Mon Feb 12 2024 23:31:58 GMT-0330 (Newfoundland Standard Time)
Route Event on: ./views/contact.html at Mon Feb 12 2024 23:31:59 GMT-0330 (Newfoundland Standard Time)
Route Event on: ./views/products.html at Mon Feb 12 2024 23:31:59 GMT-0330 (Newfoundland Standard Time)
Route Event on: ./views/subscribe.html at Mon Feb 12 2024 23:32:00 GMT-0330 (Newfoundland Standard Time)
Route Event on: ./views/index.html at Mon Feb 12 2024 23:42:42 GMT-0330 (Newfoundland Standard Time)
Route Event on: ./views/index.html at Mon Feb 12 2024 23:42:45 GMT-0330 (Newfoundland Standard Time)
Route Event on: ./views/index.html at Mon Feb 12 2024 23:43:22 GMT-0330 (Newfoundland Standard Time)
Route Event on: ./views/index.html at Mon Feb 12 2024 23:43:24 GMT-0330 (Newfoundland Standard Time)
Route Event on: ./views/index.html at Mon Feb 12 2024 23:43:26 GMT-0330 (Newfoundland Standard Time)
Route Event on: ./views/index.html at Mon Feb 12 2024 23:45:39 GMT-0330 (Newfoundland Standard Time)
Route Event on: ./views/index.html at Mon Feb 12 2024 23:45:41 GMT-0330 (Newfoundland Standard Time)
Route Event on: ./views/index.html at Tue Feb 13 2024 00:03:36 GMT-0330 (Newfoundland Standard Time)
Route Event on: ./views/index.html at Tue Feb 13 2024 00:03:38 GMT-0330 (Newfoundland Standard Time)
Route Event on: ./views/index.html at Tue Feb 13 2024 00:04:22 GMT-0330 (Newfoundland Standard Time)
Route Event on: ./views/index.html at Tue Feb 13 2024 00:04:57 GMT-0330 (Newfoundland Standard Time)
Route Event on: ./views/index.html at Tue Feb 13 2024 00:07:42 GMT-0330 (Newfoundland Standard Time)
Route Event on: ./views/index.html at Tue Feb 13 2024 00:19:52 GMT-0330 (Newfoundland Standard Time)
Route Event on: ./views/index.html at Tue Feb 13 2024 00:20:46 GMT-0330 (Newfoundland Standard Time)
Route Event on: ./views/index.html at Tue Feb 13 2024 00:21:28 GMT-0330 (Newfoundland Standard Time)
Route Event on: ./views/index.html at Tue Feb 13 2024 00:21:37 GMT-0330 (Newfoundland Standard Time)
Route Event on: ./views/index.html at Tue Feb 13 2024 00:21:53 GMT-0330 (Newfoundland Standard Time)
Route Event on: ./views/index.html at Tue Feb 13 2024 00:22:10 GMT-0330 (Newfoundland Standard Time)
Route Event on: ./views/index.html at Tue Feb 13 2024 00:22:23 GMT-0330 (Newfoundland Standard Time)
Route Event on: ./views/index.html at Tue Feb 13 2024 00:22:34 GMT-0330 (Newfoundland Standard Time)
Route Event on: ./views/index.html at Tue Feb 13 2024 00:22:49 GMT-0330 (Newfoundland Standard Time)
Route Event on: ./views/about.html at Tue Feb 13 2024 00:22:58 GMT-0330 (Newfoundland Standard Time)
Route Event on: ./views/about.html at Tue Feb 13 2024 00:27:09 GMT-0330 (Newfoundland Standard Time)
Route Event on: ./views/about.html at Tue Feb 13 2024 00:28:21 GMT-0330 (Newfoundland Standard Time)
Route Event on: ./views/index.html at Tue Feb 13 2024 00:41:28 GMT-0330 (Newfoundland Standard Time)
Route Event on: ./views/contact.html at Tue Feb 13 2024 00:41:29 GMT-0330 (Newfoundland Standard Time)
Route Event on: ./views/products.html at Tue Feb 13 2024 00:41:51 GMT-0330 (Newfoundland Standard Time)
Route Event on: ./views/subscribe.html at Tue Feb 13 2024 00:46:28 GMT-0330 (Newfoundland Standard Time)
Route Event on: ./views/about.html at Tue Feb 13 2024 00:46:30 GMT-0330 (Newfoundland Standard Time)
Route Event on: ./views/index.html at Tue Feb 13 2024 00:46:32 GMT-0330 (Newfoundland Standard Time)
Route Event on: ./views/about.html at Tue Feb 13 2024 12:28:49 GMT-0330 (Newfoundland Standard Time)
Route Event on: ./views/contact.html at Tue Feb 13 2024 12:28:59 GMT-0330 (Newfoundland Standard Time)
Route Event on: ./views/products.html at Tue Feb 13 2024 12:29:02 GMT-0330 (Newfoundland Standard Time)
Route Event on: ./views/products.html at Tue Feb 13 2024 12:42:04 GMT-0330 (Newfoundland Standard Time)
Route Event on: ./views/products.html at Tue Feb 13 2024 12:42:20 GMT-0330 (Newfoundland Standard Time)
Route Event on: ./views/products.html at Tue Feb 13 2024 12:42:30 GMT-0330 (Newfoundland Standard Time)
Route Event on: ./views/products.html at Tue Feb 13 2024 12:43:01 GMT-0330 (Newfoundland Standard Time)
Route Event on: ./views/products.html at Tue Feb 13 2024 12:43:11 GMT-0330 (Newfoundland Standard Time)
Route Event on: ./views/products.html at Tue Feb 13 2024 12:44:04 GMT-0330 (Newfoundland Standard Time)
Route Event on: ./views/products.html at Tue Feb 13 2024 12:44:13 GMT-0330 (Newfoundland Standard Time)
Route Event on: ./views/index.html at Tue Feb 13 2024 12:44:16 GMT-0330 (Newfoundland Standard Time)
Route Event on: ./views/products.html at Tue Feb 13 2024 12:44:20 GMT-0330 (Newfoundland Standard Time)
Route Event on: ./views/products.html at Tue Feb 13 2024 12:45:11 GMT-0330 (Newfoundland Standard Time)
Route Event on: ./views/products.html at Tue Feb 13 2024 12:45:41 GMT-0330 (Newfoundland Standard Time)
Route Event on: ./views/products.html at Tue Feb 13 2024 12:46:30 GMT-0330 (Newfoundland Standard Time)
Route Event on: ./views/products.html at Tue Feb 13 2024 12:46:57 GMT-0330 (Newfoundland Standard Time)
Route Event on: ./views/products.html at Tue Feb 13 2024 12:48:06 GMT-0330 (Newfoundland Standard Time)
Route Event on: ./views/products.html at Tue Feb 13 2024 12:48:13 GMT-0330 (Newfoundland Standard Time)
Route Event on: ./views/index.html at Tue Feb 13 2024 14:08:01 GMT-0330 (Newfoundland Standard Time)
Route Event on: ./views/products.html at Tue Feb 13 2024 14:08:03 GMT-0330 (Newfoundland Standard Time)
Route Event on: ./views/products.html at Tue Feb 13 2024 14:08:27 GMT-0330 (Newfoundland Standard Time)
Route Event on: ./views/products.html at Tue Feb 13 2024 14:09:13 GMT-0330 (Newfoundland Standard Time)
Route Event on: ./views/products.html at Tue Feb 13 2024 14:09:46 GMT-0330 (Newfoundland Standard Time)
Route Event on: ./views/products.html at Tue Feb 13 2024 14:10:18 GMT-0330 (Newfoundland Standard Time)
Route Event on: ./views/products.html at Tue Feb 13 2024 14:10:32 GMT-0330 (Newfoundland Standard Time)
Route Event on: ./views/products.html at Tue Feb 13 2024 14:10:56 GMT-0330 (Newfoundland Standard Time)
Route Event on: ./views/products.html at Tue Feb 13 2024 14:18:13 GMT-0330 (Newfoundland Standard Time)
Route Event on: ./views/products.html at Tue Feb 13 2024 14:18:26 GMT-0330 (Newfoundland Standard Time)
Route Event on: ./views/products.html at Tue Feb 13 2024 14:18:50 GMT-0330 (Newfoundland Standard Time)
Route Event on: ./views/products.html at Tue Feb 13 2024 14:19:10 GMT-0330 (Newfoundland Standard Time)
Route Event on: ./views/products.html at Tue Feb 13 2024 14:19:59 GMT-0330 (Newfoundland Standard Time)
Route Event on: ./views/products.html at Tue Feb 13 2024 14:20:13 GMT-0330 (Newfoundland Standard Time)
Route Event on: ./views/products.html at Tue Feb 13 2024 14:20:33 GMT-0330 (Newfoundland Standard Time)
Route Event on: ./views/products.html at Tue Feb 13 2024 14:20:44 GMT-0330 (Newfoundland Standard Time)
Route Event on: ./views/products.html at Tue Feb 13 2024 14:21:04 GMT-0330 (Newfoundland Standard Time)
Route Event on: ./views/products.html at Tue Feb 13 2024 14:21:21 GMT-0330 (Newfoundland Standard Time)
Route Event on: ./views/products.html at Tue Feb 13 2024 14:21:53 GMT-0330 (Newfoundland Standard Time)
Route Event on: ./views/products.html at Tue Feb 13 2024 14:22:13 GMT-0330 (Newfoundland Standard Time)
Route Event on: ./views/products.html at Tue Feb 13 2024 14:22:44 GMT-0330 (Newfoundland Standard Time)
Route Event on: ./views/products.html at Tue Feb 13 2024 14:23:03 GMT-0330 (Newfoundland Standard Time)
Route Event on: ./views/subscribe.html at Tue Feb 13 2024 14:23:12 GMT-0330 (Newfoundland Standard Time)
Route Event on: ./views/subscribe.html at Tue Feb 13 2024 14:24:26 GMT-0330 (Newfoundland Standard Time)
Route Event on: ./views/products.html at Tue Feb 13 2024 14:24:30 GMT-0330 (Newfoundland Standard Time)
Route Event on: ./views/contact.html at Tue Feb 13 2024 14:24:33 GMT-0330 (Newfoundland Standard Time)
Route Event on: ./views/about.html at Tue Feb 13 2024 14:24:35 GMT-0330 (Newfoundland Standard Time)
Route Event on: ./views/index.html at Tue Feb 13 2024 14:24:39 GMT-0330 (Newfoundland Standard Time)
Route Event on: ./views/index.html at Tue Feb 13 2024 14:29:12 GMT-0330 (Newfoundland Standard Time)
Route Event on: ./views/about.html at Tue Feb 13 2024 14:29:18 GMT-0330 (Newfoundland Standard Time)
Route Event on: ./views/contact.html at Tue Feb 13 2024 14:29:21 GMT-0330 (Newfoundland Standard Time)
Route Event on: ./views/products.html at Tue Feb 13 2024 14:29:23 GMT-0330 (Newfoundland Standard Time)
Route Event on: ./views/index.html at Tue Feb 13 2024 14:37:05 GMT-0330 (Newfoundland Standard Time)
Route Event on: ./views/index.html at Tue Feb 13 2024 14:37:22 GMT-0330 (Newfoundland Standard Time)
Route Event on: ./views/index.html at Tue Feb 13 2024 14:55:58 GMT-0330 (Newfoundland Standard Time)
Route Event on: ./views/index.html at Tue Feb 13 2024 14:56:02 GMT-0330 (Newfoundland Standard Time)
